Drill report for /home/aaronw/kicad/Projects/T-962-Temp-Fan/t962.kicad_pcb
Created on Sat 05 Jan 2019 03:50:52 AM PST

Copper Layer Stackup:
    =============================================================
    L1 :  F.Cu                      front
    L2 :  B.Cu                      back


Drill file 't962.drl' contains
    plated through holes:
    =============================================================
    T1  0.40mm  0.016"  (52 holes)
    T2  0.60mm  0.024"  (2 holes)  (with 2 slots)
    T3  0.85mm  0.033"  (2 holes)
    T4  1.00mm  0.039"  (20 holes)
    T5  1.10mm  0.043"  (8 holes)
    T6  3.00mm  0.118"  (4 holes)

    Total plated holes count 88


Not plated through holes are merged with plated holes
    unplated through holes:
    =============================================================
    T7  1.20mm  0.047"  (3 holes)

    Total unplated holes count 3
